<?xml version="1.0" encoding="UTF-8"?>
<!-- Generated by org.testng.reporters.JUnitReportReporter -->
<testsuite skipped="0" hostname="NATARAJAN" name="com.vodafone.automation.grid.package1.Test1" tests="5" failures="0" timestamp="06 Oct 2018 06:26:16 GMT" time="307.796" errors="0">
  <testcase name="test1" time="55.217" classname="com.vodafone.automation.grid.package1.Test1"/>
  <testcase name="test1" time="51.205" classname="com.vodafone.automation.grid.package1.Test1"/>
  <testcase name="test1" time="71.078" classname="com.vodafone.automation.grid.package1.Test1"/>
  <testcase name="test1" time="84.635" classname="com.vodafone.automation.grid.package1.Test1"/>
  <testcase name="test1" time="45.661" classname="com.vodafone.automation.grid.package1.Test1"/>
</testsuite> <!-- com.vodafone.automation.grid.package1.Test1 -->
